[ 2015-11-05T11:25:52+08:00 ] 127.0.0.1 /favicon.ico
INFO: [ app_init ] --START--
INFO: Run Behavior\BuildLiteBehavior [ RunTime:0.000011s ]
INFO: Run Behavior\UpgradeNoticeBehavior [ RunTime:0.000275s ]
INFO: [ app_init ] --END-- [ RunTime:0.000598s ]
NOTIC: [8] Undefined offset: 1 /Users/Hisoka/WorkSpace/WebProject/chtrip_web/chtrip_web/ThinkPHP/Library/Think/Dispatcher.class.php 第 70 行.
NOTIC: [2] Cannot modify header information - headers already sent by (output started at /Users/Hisoka/WorkSpace/WebProject/chtrip_web/chtrip_web/App/Admin/Common/function.php:4) /Users/Hisoka/WorkSpace/WebProject/chtrip_web/chtrip_web/ThinkPHP/Common/functions.php 第 1314 行.
NOTIC: [2] Cannot modify header information - headers already sent by (output started at /Users/Hisoka/WorkSpace/WebProject/chtrip_web/chtrip_web/App/Admin/Common/function.php:4) /Users/Hisoka/WorkSpace/WebProject/chtrip_web/chtrip_web/ThinkPHP/Common/functions.php 第 1316 行.

[ 2015-11-05T11:25:53+08:00 ] 127.0.0.1 /favicon.ico
INFO: [ app_init ] --START--
INFO: Run Behavior\BuildLiteBehavior [ RunTime:0.000009s ]
INFO: Run Behavior\UpgradeNoticeBehavior [ RunTime:0.000207s ]
INFO: [ app_init ] --END-- [ RunTime:0.000417s ]
NOTIC: [8] Undefined offset: 1 /Users/Hisoka/WorkSpace/WebProject/chtrip_web/chtrip_web/ThinkPHP/Library/Think/Dispatcher.class.php 第 70 行.
NOTIC: [2] Cannot modify header information - headers already sent by (output started at /Users/Hisoka/WorkSpace/WebProject/chtrip_web/chtrip_web/App/Admin/Common/function.php:4) /Users/Hisoka/WorkSpace/WebProject/chtrip_web/chtrip_web/ThinkPHP/Common/functions.php 第 1314 行.
NOTIC: [2] Cannot modify header information - headers already sent by (output started at /Users/Hisoka/WorkSpace/WebProject/chtrip_web/chtrip_web/App/Admin/Common/function.php:4) /Users/Hisoka/WorkSpace/WebProject/chtrip_web/chtrip_web/ThinkPHP/Common/functions.php 第 1316 行.

[ 2015-11-05T11:25:55+08:00 ] 127.0.0.1 /favicon.ico
INFO: [ app_init ] --START--
INFO: Run Behavior\BuildLiteBehavior [ RunTime:0.000009s ]
INFO: Run Behavior\UpgradeNoticeBehavior [ RunTime:0.000216s ]
INFO: [ app_init ] --END-- [ RunTime:0.000433s ]
NOTIC: [8] Undefined offset: 1 /Users/Hisoka/WorkSpace/WebProject/chtrip_web/chtrip_web/ThinkPHP/Library/Think/Dispatcher.class.php 第 70 行.
NOTIC: [2] Cannot modify header information - headers already sent by (output started at /Users/Hisoka/WorkSpace/WebProject/chtrip_web/chtrip_web/App/Admin/Common/function.php:4) /Users/Hisoka/WorkSpace/WebProject/chtrip_web/chtrip_web/ThinkPHP/Common/functions.php 第 1314 行.
NOTIC: [2] Cannot modify header information - headers already sent by (output started at /Users/Hisoka/WorkSpace/WebProject/chtrip_web/chtrip_web/App/Admin/Common/function.php:4) /Users/Hisoka/WorkSpace/WebProject/chtrip_web/chtrip_web/ThinkPHP/Common/functions.php 第 1316 行.

[ 2015-11-05T11:25:56+08:00 ] 127.0.0.1 /favicon.ico
INFO: [ app_init ] --START--
INFO: Run Behavior\BuildLiteBehavior [ RunTime:0.000010s ]
INFO: Run Behavior\UpgradeNoticeBehavior [ RunTime:0.000241s ]
INFO: [ app_init ] --END-- [ RunTime:0.000485s ]
NOTIC: [8] Undefined offset: 1 /Users/Hisoka/WorkSpace/WebProject/chtrip_web/chtrip_web/ThinkPHP/Library/Think/Dispatcher.class.php 第 70 行.
NOTIC: [2] Cannot modify header information - headers already sent by (output started at /Users/Hisoka/WorkSpace/WebProject/chtrip_web/chtrip_web/App/Admin/Common/function.php:4) /Users/Hisoka/WorkSpace/WebProject/chtrip_web/chtrip_web/ThinkPHP/Common/functions.php 第 1314 行.
NOTIC: [2] Cannot modify header information - headers already sent by (output started at /Users/Hisoka/WorkSpace/WebProject/chtrip_web/chtrip_web/App/Admin/Common/function.php:4) /Users/Hisoka/WorkSpace/WebProject/chtrip_web/chtrip_web/ThinkPHP/Common/functions.php 第 1316 行.

[ 2015-11-05T11:25:57+08:00 ] 127.0.0.1 /favicon.ico
INFO: [ app_init ] --START--
INFO: Run Behavior\BuildLiteBehavior [ RunTime:0.000016s ]
INFO: Run Behavior\UpgradeNoticeBehavior [ RunTime:0.000381s ]
INFO: [ app_init ] --END-- [ RunTime:0.000766s ]
NOTIC: [8] Undefined offset: 1 /Users/Hisoka/WorkSpace/WebProject/chtrip_web/chtrip_web/ThinkPHP/Library/Think/Dispatcher.class.php 第 70 行.
NOTIC: [2] Cannot modify header information - headers already sent by (output started at /Users/Hisoka/WorkSpace/WebProject/chtrip_web/chtrip_web/App/Admin/Common/function.php:4) /Users/Hisoka/WorkSpace/WebProject/chtrip_web/chtrip_web/ThinkPHP/Common/functions.php 第 1314 行.
NOTIC: [2] Cannot modify header information - headers already sent by (output started at /Users/Hisoka/WorkSpace/WebProject/chtrip_web/chtrip_web/App/Admin/Common/function.php:4) /Users/Hisoka/WorkSpace/WebProject/chtrip_web/chtrip_web/ThinkPHP/Common/functions.php 第 1316 行.

[ 2015-11-05T11:26:00+08:00 ] 127.0.0.1 /favicon.ico
INFO: [ app_init ] --START--
INFO: Run Behavior\BuildLiteBehavior [ RunTime:0.000009s ]
INFO: Run Behavior\UpgradeNoticeBehavior [ RunTime:0.000220s ]
INFO: [ app_init ] --END-- [ RunTime:0.000434s ]
NOTIC: [8] Undefined offset: 1 /Users/Hisoka/WorkSpace/WebProject/chtrip_web/chtrip_web/ThinkPHP/Library/Think/Dispatcher.class.php 第 70 行.
NOTIC: [2] Cannot modify header information - headers already sent by (output started at /Users/Hisoka/WorkSpace/WebProject/chtrip_web/chtrip_web/App/Admin/Common/function.php:4) /Users/Hisoka/WorkSpace/WebProject/chtrip_web/chtrip_web/ThinkPHP/Common/functions.php 第 1314 行.
NOTIC: [2] Cannot modify header information - headers already sent by (output started at /Users/Hisoka/WorkSpace/WebProject/chtrip_web/chtrip_web/App/Admin/Common/function.php:4) /Users/Hisoka/WorkSpace/WebProject/chtrip_web/chtrip_web/ThinkPHP/Common/functions.php 第 1316 行.

[ 2015-11-05T11:26:00+08:00 ] 127.0.0.1 /favicon.ico
INFO: [ app_init ] --START--
INFO: Run Behavior\BuildLiteBehavior [ RunTime:0.000017s ]
INFO: Run Behavior\UpgradeNoticeBehavior [ RunTime:0.000312s ]
INFO: [ app_init ] --END-- [ RunTime:0.000689s ]
NOTIC: [8] Undefined offset: 1 /Users/Hisoka/WorkSpace/WebProject/chtrip_web/chtrip_web/ThinkPHP/Library/Think/Dispatcher.class.php 第 70 行.
NOTIC: [2] Cannot modify header information - headers already sent by (output started at /Users/Hisoka/WorkSpace/WebProject/chtrip_web/chtrip_web/App/Admin/Common/function.php:4) /Users/Hisoka/WorkSpace/WebProject/chtrip_web/chtrip_web/ThinkPHP/Common/functions.php 第 1314 行.
NOTIC: [2] Cannot modify header information - headers already sent by (output started at /Users/Hisoka/WorkSpace/WebProject/chtrip_web/chtrip_web/App/Admin/Common/function.php:4) /Users/Hisoka/WorkSpace/WebProject/chtrip_web/chtrip_web/ThinkPHP/Common/functions.php 第 1316 行.

[ 2015-11-05T11:26:04+08:00 ] 127.0.0.1 /favicon.ico
INFO: [ app_init ] --START--
INFO: Run Behavior\BuildLiteBehavior [ RunTime:0.000011s ]
INFO: Run Behavior\UpgradeNoticeBehavior [ RunTime:0.000242s ]
INFO: [ app_init ] --END-- [ RunTime:0.000491s ]
NOTIC: [8] Undefined offset: 1 /Users/Hisoka/WorkSpace/WebProject/chtrip_web/chtrip_web/ThinkPHP/Library/Think/Dispatcher.class.php 第 70 行.
NOTIC: [2] Cannot modify header information - headers already sent by (output started at /Users/Hisoka/WorkSpace/WebProject/chtrip_web/chtrip_web/App/Admin/Common/function.php:4) /Users/Hisoka/WorkSpace/WebProject/chtrip_web/chtrip_web/ThinkPHP/Common/functions.php 第 1314 行.
NOTIC: [2] Cannot modify header information - headers already sent by (output started at /Users/Hisoka/WorkSpace/WebProject/chtrip_web/chtrip_web/App/Admin/Common/function.php:4) /Users/Hisoka/WorkSpace/WebProject/chtrip_web/chtrip_web/ThinkPHP/Common/functions.php 第 1316 行.

[ 2015-11-05T11:26:07+08:00 ] 127.0.0.1 /favicon.ico
INFO: [ app_init ] --START--
INFO: Run Behavior\BuildLiteBehavior [ RunTime:0.000015s ]
INFO: Run Behavior\UpgradeNoticeBehavior [ RunTime:0.000394s ]
INFO: [ app_init ] --END-- [ RunTime:0.000861s ]
NOTIC: [8] Undefined offset: 1 /Users/Hisoka/WorkSpace/WebProject/chtrip_web/chtrip_web/ThinkPHP/Library/Think/Dispatcher.class.php 第 70 行.
NOTIC: [2] Cannot modify header information - headers already sent by (output started at /Users/Hisoka/WorkSpace/WebProject/chtrip_web/chtrip_web/App/Admin/Common/function.php:4) /Users/Hisoka/WorkSpace/WebProject/chtrip_web/chtrip_web/ThinkPHP/Common/functions.php 第 1314 行.
NOTIC: [2] Cannot modify header information - headers already sent by (output started at /Users/Hisoka/WorkSpace/WebProject/chtrip_web/chtrip_web/App/Admin/Common/function.php:4) /Users/Hisoka/WorkSpace/WebProject/chtrip_web/chtrip_web/ThinkPHP/Common/functions.php 第 1316 行.

[ 2015-11-05T11:31:23+08:00 ] 127.0.0.1 /favicon.ico
INFO: [ app_init ] --START--
INFO: Run Behavior\BuildLiteBehavior [ RunTime:0.000015s ]
INFO: Run Behavior\UpgradeNoticeBehavior [ RunTime:0.000514s ]
INFO: [ app_init ] --END-- [ RunTime:0.000971s ]
NOTIC: [8] Undefined offset: 1 /Users/Hisoka/WorkSpace/WebProject/chtrip_web/chtrip_web/ThinkPHP/Library/Think/Dispatcher.class.php 第 70 行.

